<?xml version="1.0" encoding="UTF-8" ?>
<testsuite failures="0" time="0.003" errors="2" skipped="0" tests="2" name="org.jaru.rollinitiative.main.MainTest">
  <properties>
[...]
</properties>
  <testcase time="0.003" classname="org.jaru.rollinitiative.main.MainTest" name="initializationError0">
    <error message="Test class should have public zero-argument constructor" type="java.lang.Exception">java.lang.Exception: Test class should have public zero-argument constructor
	at org.junit.internal.runners.MethodValidator.validateNoArgConstructor(MethodValidator.java:56)
	at org.junit.internal.runners.MethodValidator.validateMethodsForDefaultRunner(MethodValidator.java:41)
	at org.junit.internal.runners.JUnit4ClassRunner.validate(JUnit4ClassRunner.java:36)
	at org.junit.internal.runners.JUnit4ClassRunner.&lt;init&gt;(JUnit4ClassRunner.java:27)
	at sun.reflect.NativeConstructorAccessorImpl.newInstance0(Native Method)
	at sun.reflect.NativeConstructorAccessorImpl.newInstance(NativeConstructorAccessorImpl.java:57)
	at sun.reflect.DelegatingConstructorAccessorImpl.newInstance(DelegatingConstructorAccessorImpl.java:45)
	at java.lang.reflect.Constructor.newInstance(Constructor.java:526)
	at org.junit.internal.requests.ClassRequest.buildRunner(ClassRequest.java:33)
	at org.junit.internal.requests.ClassRequest.getRunner(ClassRequest.java:28)
	at org.apache.maven.surefire.junit4.JUnit4Provider.execute(JUnit4Provider.java:250)
	at org.apache.maven.surefire.junit4.JUnit4Provider.executeTestSet(JUnit4Provider.java:141)
	at org.apache.maven.surefire.junit4.JUnit4Provider.invoke(JUnit4Provider.java:112)
	at sun.reflect.NativeMethodAccessorImpl.invoke0(Native Method)
	at sun.reflect.NativeMethodAccessorImpl.invoke(NativeMethodAccessorImpl.java:57)
	at sun.reflect.DelegatingMethodAccessorImpl.invoke(DelegatingMethodAccessorImpl.java:43)
	at java.lang.reflect.Method.invoke(Method.java:606)
	at org.apache.maven.surefire.util.ReflectionUtils.invokeMethodWithArray(ReflectionUtils.java:189)
	at org.apache.maven.surefire.booter.ProviderFactory$ProviderProxy.invoke(ProviderFactory.java:165)
	at org.apache.maven.surefire.booter.ProviderFactory.invokeProvider(ProviderFactory.java:85)
	at org.apache.maven.surefire.booter.ForkedBooter.runSuitesInProcess(ForkedBooter.java:115)
	at org.apache.maven.surefire.booter.ForkedBooter.main(ForkedBooter.java:75)
Caused by: java.lang.NoSuchMethodException: org.jaru.rollinitiative.main.MainTest.&lt;init&gt;()
	at java.lang.Class.getConstructor0(Class.java:2892)
	at java.lang.Class.getConstructor(Class.java:1723)
	at org.junit.internal.runners.TestClass.getConstructor(TestClass.java:84)
	at org.junit.internal.runners.MethodValidator.validateNoArgConstructor(MethodValidator.java:54)
	... 21 more
</error>
  </testcase>
  <testcase time="0" classname="org.jaru.rollinitiative.main.MainTest" name="initializationError1">
    <error message="Class org.jaru.rollinitiative.main.MainTest should be public" type="java.lang.Exception">java.lang.Exception: Class org.jaru.rollinitiative.main.MainTest should be public
	at org.junit.internal.runners.MethodValidator.validateTestMethods(MethodValidator.java:71)
	at org.junit.internal.runners.MethodValidator.validateInstanceMethods(MethodValidator.java:28)
	at org.junit.internal.runners.MethodValidator.validateMethodsForDefaultRunner(MethodValidator.java:43)
	at org.junit.internal.runners.JUnit4ClassRunner.validate(JUnit4ClassRunner.java:36)
	at org.junit.internal.runners.JUnit4ClassRunner.&lt;init&gt;(JUnit4ClassRunner.java:27)
	at sun.reflect.NativeConstructorAccessorImpl.newInstance0(Native Method)
	at sun.reflect.NativeConstructorAccessorImpl.newInstance(NativeConstructorAccessorImpl.java:57)
	at sun.reflect.DelegatingConstructorAccessorImpl.newInstance(DelegatingConstructorAccessorImpl.java:45)
	at java.lang.reflect.Constructor.newInstance(Constructor.java:526)
	at org.junit.internal.requests.ClassRequest.buildRunner(ClassRequest.java:33)
	at org.junit.internal.requests.ClassRequest.getRunner(ClassRequest.java:28)
	at org.apache.maven.surefire.junit4.JUnit4Provider.execute(JUnit4Provider.java:250)
	at org.apache.maven.surefire.junit4.JUnit4Provider.executeTestSet(JUnit4Provider.java:141)
	at org.apache.maven.surefire.junit4.JUnit4Provider.invoke(JUnit4Provider.java:112)
	at sun.reflect.NativeMethodAccessorImpl.invoke0(Native Method)
	at sun.reflect.NativeMethodAccessorImpl.invoke(NativeMethodAccessorImpl.java:57)
	at sun.reflect.DelegatingMethodAccessorImpl.invoke(DelegatingMethodAccessorImpl.java:43)
	at java.lang.reflect.Method.invoke(Method.java:606)
	at org.apache.maven.surefire.util.ReflectionUtils.invokeMethodWithArray(ReflectionUtils.java:189)
	at org.apache.maven.surefire.booter.ProviderFactory$ProviderProxy.invoke(ProviderFactory.java:165)
	at org.apache.maven.surefire.booter.ProviderFactory.invokeProvider(ProviderFactory.java:85)
	at org.apache.maven.surefire.booter.ForkedBooter.runSuitesInProcess(ForkedBooter.java:115)
	at org.apache.maven.surefire.booter.ForkedBooter.main(ForkedBooter.java:75)
</error>
  </testcase>
</testsuite>